sp500-api-manager.js:171 S&P 500 데이터 수집 시작...
news-analyzer.js:11 Uncaught SyntaxError: Unexpected identifier 'loadLlmEnhancedFeatures' (at news-analyzer.js:11:11)
dashboard.js:700 XAI 분석을 위해 선택된 주식: NVDA
dashboard.js:704 DashboardExtensions 인스턴스가 없거나 renderLocalXaiAnalysis 함수를 찾을 수 없습니다.
handleXaiStockChange @ dashboard.js:704
updateXaiStockSelector @ dashboard.js:436
setupVolumeChart @ dashboard.js:410
setupCharts @ dashboard.js:311
init @ dashboard.js:22
DashboardManager @ dashboard.js:18
(anonymous) @ dashboard.js:792
dashboard.js:700 XAI 분석을 위해 선택된 주식: NVDA
dashboard.js:704 DashboardExtensions 인스턴스가 없거나 renderLocalXaiAnalysis 함수를 찾을 수 없습니다.
handleXaiStockChange @ dashboard.js:704
setupEventListeners @ dashboard.js:660
init @ dashboard.js:25
DashboardManager @ dashboard.js:18
(anonymous) @ dashboard.js:792
dashboard-extended.js:26 DashboardExtensions init() 시작
dashboard-extended.js:300 XAI 데이터 로드 시도 중...
dashboard-extended.js:30 뉴스 데이터 로드 완료
dashboard-extended.js:310 XAI 데이터 로드 성공: {timestamp: '2025-07-23T09:48:58.808290', model_performance: {…}, explainability: {…}, alerts: Array(2)}
dashboard-extended.js:313 실제 XAI 데이터로 차트 업데이트 시작
dashboard-extended.js:393 XAI 데이터 확인: Available
dashboard-extended.js:408 렌더링: 특성 중요도
dashboard-extended.js:452 특성 중요도 렌더링 완료
dashboard-extended.js:459 렌더링: SHAP 요약 플롯
dashboard-extended.js:507 SHAP 요약 플롯 렌더링 완료
dashboard-extended.js:577 렌더링: SHAP 의존성 플롯 (스킵됨 - partial dependence plot과 중복)
dashboard-extended.js:627 렌더링: SHAP Force Plot
dashboard-extended.js:675 렌더링: LIME Explanation
dashboard-extended.js:712 렌더링: 혼동 행렬
dashboard-extended.js:769 혼동 행렬 렌더링 완료
dashboard-extended.js:773 렌더링: 부분 의존성 플롯
dashboard-extended.js:806 부분 의존성 플롯 렌더링 완료
dashboard-extended.js:810 렌더링: What-if 분석
dashboard-extended.js:838 What-if 분석 렌더링 완료
dashboard-extended.js:404 모든 XAI 컴포넌트 렌더링 완료
dashboard-extended.js:38 XAI 데이터 로드 완료, 차트 렌더링 시작
dashboard-extended.js:393 XAI 데이터 확인: Available
dashboard-extended.js:408 렌더링: 특성 중요도
dashboard-extended.js:452 특성 중요도 렌더링 완료
dashboard-extended.js:459 렌더링: SHAP 요약 플롯
dashboard-extended.js:507 SHAP 요약 플롯 렌더링 완료
dashboard-extended.js:577 렌더링: SHAP 의존성 플롯 (스킵됨 - partial dependence plot과 중복)
dashboard-extended.js:627 렌더링: SHAP Force Plot
dashboard-extended.js:675 렌더링: LIME Explanation
dashboard-extended.js:712 렌더링: 혼동 행렬
dashboard-extended.js:769 혼동 행렬 렌더링 완료
dashboard-extended.js:773 렌더링: 부분 의존성 플롯
dashboard-extended.js:806 부분 의존성 플롯 렌더링 완료
dashboard-extended.js:810 렌더링: What-if 분석
dashboard-extended.js:838 What-if 분석 렌더링 완료
dashboard-extended.js:404 모든 XAI 컴포넌트 렌더링 완료
dashboard-extended.js:1993 Uncaught (in promise) TypeError: Cannot read properties of undefined (reading 'generateNewsSummary')
    at DashboardExtensions.updateLlmAnalysisSummary (dashboard-extended.js:1993:49)
    at dashboard-extended.js:32:18
updateLlmAnalysisSummary @ dashboard-extended.js:1993
(anonymous) @ dashboard-extended.js:32
Promise.then
init @ dashboard-extended.js:29
init @ dashboard.js:30
DashboardManager @ dashboard.js:18
(anonymous) @ dashboard.js:792
dashboard.js:256  GET http://localhost:5500/workspace/dashboard/log/localhost-1753236055062.log 404 (Not Found)
updateSystemLogs @ dashboard.js:256
loadInitialData @ dashboard.js:158
await in loadInitialData
init @ dashboard.js:24
DashboardManager @ dashboard.js:18
(anonymous) @ dashboard.js:792
dashboard.js:262 로그 파일 log/localhost-1753236055062.log 로드 실패: 404 Not Found
updateSystemLogs @ dashboard.js:262
await in updateSystemLogs
loadInitialData @ dashboard.js:158
await in loadInitialData
init @ dashboard.js:24
DashboardManager @ dashboard.js:18
(anonymous) @ dashboard.js:792
dashboard.js:256  GET http://localhost:5500/workspace/dashboard/log/localhost-1753236055062.log 404 (Not Found)
updateSystemLogs @ dashboard.js:256
(anonymous) @ dashboard.js:518
setInterval
startRealTimeUpdates @ dashboard.js:510
init @ dashboard.js:23
DashboardManager @ dashboard.js:18
(anonymous) @ dashboard.js:792
dashboard.js:262 로그 파일 log/localhost-1753236055062.log 로드 실패: 404 Not Found
updateSystemLogs @ dashboard.js:262
await in updateSystemLogs
(anonymous) @ dashboard.js:518
setInterval
startRealTimeUpdates @ dashboard.js:510
init @ dashboard.js:23
DashboardManager @ dashboard.js:18
(anonymous) @ dashboard.js:792
dashboard-extended.js:300 XAI 데이터 로드 시도 중...
dashboard-extended.js:310 XAI 데이터 로드 성공: {timestamp: '2025-07-23T09:48:58.808290', model_performance: {…}, explainability: {…}, alerts: Array(2)}
dashboard-extended.js:313 실제 XAI 데이터로 차트 업데이트 시작
dashboard-extended.js:393 XAI 데이터 확인: Available
dashboard-extended.js:408 렌더링: 특성 중요도
dashboard-extended.js:452 특성 중요도 렌더링 완료
dashboard-extended.js:459 렌더링: SHAP 요약 플롯
dashboard-extended.js:507 SHAP 요약 플롯 렌더링 완료
dashboard-extended.js:577 렌더링: SHAP 의존성 플롯 (스킵됨 - partial dependence plot과 중복)
dashboard-extended.js:627 렌더링: SHAP Force Plot
dashboard-extended.js:675 렌더링: LIME Explanation
dashboard-extended.js:712 렌더링: 혼동 행렬
dashboard-extended.js:769 혼동 행렬 렌더링 완료
dashboard-extended.js:773 렌더링: 부분 의존성 플롯
dashboard-extended.js:806 부분 의존성 플롯 렌더링 완료
dashboard-extended.js:810 렌더링: What-if 분석
dashboard-extended.js:838 What-if 분석 렌더링 완료
dashboard-extended.js:404 모든 XAI 컴포넌트 렌더링 완료
dashboard.js:256  GET http://localhost:5500/workspace/dashboard/log/localhost-1753236055062.log 404 (Not Found)
updateSystemLogs @ dashboard.js:256
(anonymous) @ dashboard.js:518
setInterval
startRealTimeUpdates @ dashboard.js:510
init @ dashboard.js:23
DashboardManager @ dashboard.js:18
(anonymous) @ dashboard.js:792
dashboard.js:262 로그 파일 log/localhost-1753236055062.log 로드 실패: 404 Not Found
updateSystemLogs @ dashboard.js:262
await in updateSystemLogs
(anonymous) @ dashboard.js:518
setInterval
startRealTimeUpdates @ dashboard.js:510
init @ dashboard.js:23
DashboardManager @ dashboard.js:18
(anonymous) @ dashboard.js:792
dashboard.js:700 XAI 분석을 위해 선택된 주식: TSLA
dashboard-extended.js:238 XAI 개별 분석 렌더링: TSLA
dashboard-extended.js:858  GET http://localhost:5500/data/raw/sp500_constituents.csv 404 (Not Found)
loadSP500Data @ dashboard-extended.js:858
initializePagination @ dashboard-extended.js:849
renderLocalXaiAnalysis @ dashboard-extended.js:295
handleXaiStockChange @ dashboard.js:702
(anonymous) @ dashboard.js:657
handleMouseUp_ @ unknown
dashboard-extended.js:894 S&P 500 데이터 로드 실패: Error: HTTP error! status: 404
    at DashboardExtensions.loadSP500Data (dashboard-extended.js:860:23)
loadSP500Data @ dashboard-extended.js:894
await in loadSP500Data
initializePagination @ dashboard-extended.js:849
renderLocalXaiAnalysis @ dashboard-extended.js:295
handleXaiStockChange @ dashboard.js:702
(anonymous) @ dashboard.js:657
handleMouseUp_ @ unknown
dashboard.js:700 XAI 분석을 위해 선택된 주식: AAPL
dashboard-extended.js:238 XAI 개별 분석 렌더링: AAPL
dashboard-extended.js:858  GET http://localhost:5500/data/raw/sp500_constituents.csv 404 (Not Found)
loadSP500Data @ dashboard-extended.js:858
initializePagination @ dashboard-extended.js:849
renderLocalXaiAnalysis @ dashboard-extended.js:295
handleXaiStockChange @ dashboard.js:702
(anonymous) @ dashboard.js:657
handleMouseUp_ @ unknown
dashboard-extended.js:894 S&P 500 데이터 로드 실패: Error: HTTP error! status: 404
    at DashboardExtensions.loadSP500Data (dashboard-extended.js:860:23)
loadSP500Data @ dashboard-extended.js:894
await in loadSP500Data
initializePagination @ dashboard-extended.js:849
renderLocalXaiAnalysis @ dashboard-extended.js:295
handleXaiStockChange @ dashboard.js:702
(anonymous) @ dashboard.js:657
handleMouseUp_ @ unknown
dashboard.js:700 XAI 분석을 위해 선택된 주식: GOOGL
dashboard-extended.js:238 XAI 개별 분석 렌더링: GOOGL
dashboard-extended.js:858  GET http://localhost:5500/data/raw/sp500_constituents.csv 404 (Not Found)
loadSP500Data @ dashboard-extended.js:858
initializePagination @ dashboard-extended.js:849
renderLocalXaiAnalysis @ dashboard-extended.js:295
handleXaiStockChange @ dashboard.js:702
(anonymous) @ dashboard.js:657
handleMouseUp_ @ unknown
dashboard-extended.js:894 S&P 500 데이터 로드 실패: Error: HTTP error! status: 404
    at DashboardExtensions.loadSP500Data (dashboard-extended.js:860:23)
loadSP500Data @ dashboard-extended.js:894
await in loadSP500Data
initializePagination @ dashboard-extended.js:849
renderLocalXaiAnalysis @ dashboard-extended.js:295
handleXaiStockChange @ dashboard.js:702
(anonymous) @ dashboard.js:657
handleMouseUp_ @ unknown
dashboard.js:700 XAI 분석을 위해 선택된 주식: MSFT
dashboard-extended.js:238 XAI 개별 분석 렌더링: MSFT
dashboard-extended.js:858  GET http://localhost:5500/data/raw/sp500_constituents.csv 404 (Not Found)
loadSP500Data @ dashboard-extended.js:858
initializePagination @ dashboard-extended.js:849
renderLocalXaiAnalysis @ dashboard-extended.js:295
handleXaiStockChange @ dashboard.js:702
(anonymous) @ dashboard.js:657
handleMouseUp_ @ unknown
dashboard-extended.js:894 S&P 500 데이터 로드 실패: Error: HTTP error! status: 404
    at DashboardExtensions.loadSP500Data (dashboard-extended.js:860:23)
loadSP500Data @ dashboard-extended.js:894
await in loadSP500Data
initializePagination @ dashboard-extended.js:849
renderLocalXaiAnalysis @ dashboard-extended.js:295
handleXaiStockChange @ dashboard.js:702
(anonymous) @ dashboard.js:657
handleMouseUp_ @ unknown
dashboard.js:256  GET http://localhost:5500/workspace/dashboard/log/localhost-1753236055062.log 404 (Not Found)
updateSystemLogs @ dashboard.js:256
(anonymous) @ dashboard.js:518
setInterval
startRealTimeUpdates @ dashboard.js:510
init @ dashboard.js:23
DashboardManager @ dashboard.js:18
(anonymous) @ dashboard.js:792
dashboard.js:262 로그 파일 log/localhost-1753236055062.log 로드 실패: 404 Not Found
updateSystemLogs @ dashboard.js:262
await in updateSystemLogs
(anonymous) @ dashboard.js:518
setInterval
startRealTimeUpdates @ dashboard.js:510
init @ dashboard.js:23
DashboardManager @ dashboard.js:18
(anonymous) @ dashboard.js:792
chart.js:13 Uncaught Error: Canvas is already in use. Chart with ID '4' must be destroyed before the canvas with ID 'prediction-chart' can be reused.
Tn @ chart.js:13
initializePredictionChart @ router.js:257
initializePredictionsPage @ router.js:245
initializePage @ router.js:111
navigateTo @ router.js:74
(anonymous) @ router.js:44
router.js:104 Uncaught TypeError: window.dashboard.refreshDashboard is not a function
    at Router.initializePage (router.js:104:38)
    at Router.navigateTo (router.js:74:14)
    at HTMLAnchorElement.<anonymous> (router.js:44:22)
initializePage @ router.js:104
navigateTo @ router.js:74
(anonymous) @ router.js:44
sp500-api-manager.js:171 S&P 500 데이터 수집 시작...
sp500-api-manager.js:188 ✅ alphaVantage 데이터 수집 성공: 1 개 종목
sp500-api-manager.js:188 ✅ financialModelingPrep 데이터 수집 성공: 0 개 종목
sp500-api-manager.js:188 ✅ twelveData 데이터 수집 성공: 0 개 종목
sp500-api-manager.js:188 ✅ polygon 데이터 수집 성공: 0 개 종목
sp500-api-manager.js:188 ✅ iexCloud 데이터 수집 성공: 0 개 종목
sp500-api-manager.js:188 ✅ yahooFinance 데이터 수집 성공: 24 개 종목
dashboard.js:256  GET http://localhost:5500/workspace/dashboard/log/localhost-1753236055062.log 404 (Not Found)
updateSystemLogs @ dashboard.js:256
(anonymous) @ dashboard.js:518
setInterval
startRealTimeUpdates @ dashboard.js:510
init @ dashboard.js:23
DashboardManager @ dashboard.js:18
(anonymous) @ dashboard.js:792
dashboard.js:262 로그 파일 log/localhost-1753236055062.log 로드 실패: 404 Not Found
updateSystemLogs @ dashboard.js:262
await in updateSystemLogs
(anonymous) @ dashboard.js:518
setInterval
startRealTimeUpdates @ dashboard.js:510
init @ dashboard.js:23
DashboardManager @ dashboard.js:18
(anonymous) @ dashboard.js:792
router.js:104 Uncaught TypeError: window.dashboard.refreshDashboard is not a function
    at Router.initializePage (router.js:104:38)
    at Router.navigateTo (router.js:74:14)
    at HTMLAnchorElement.<anonymous> (router.js:44:22)
initializePage @ router.js:104
navigateTo @ router.js:74
(anonymous) @ router.js:44
